<?xml version="1.0" encoding="UTF-8"?>
<!-- Generated by org.testng.reporters.JUnitReportReporter -->
<testsuite hostname="DESKTOP-F52EDBA" failures="0" tests="1" name="github.CRUDOperations.GetReposForUserTest" time="3.596" errors="0" timestamp="2023-03-31T09:17:28 IST" skipped="0">
  <testcase classname="github.CRUDOperations.GetReposForUserTest" name="getReposForUserTest" time="3.596"/>
  <system-out/>
</testsuite> <!-- github.CRUDOperations.GetReposForUserTest -->
