<?xml version="1.0" encoding="UTF-8"?>
<!-- Generated by org.testng.reporters.JUnitReportReporter -->
<testsuite hostname="DESKTOP-F52EDBA" failures="0" tests="1" name="github.CRUDOperations.CreateRepoTest" time="5.605" errors="0" timestamp="2023-03-31T09:03:05 IST" skipped="0">
  <testcase classname="github.CRUDOperations.CreateRepoTest" name="createRepoTest" time="5.605"/>
  <system-out/>
</testsuite> <!-- github.CRUDOperations.CreateRepoTest -->
