<?xml version="1.0" encoding="UTF-8"?>
<!-- Generated by org.testng.reporters.JUnitReportReporter -->
<testsuite hostname="DESKTOP-F52EDBA" failures="0" tests="1" name="github.CRUDOperations.SearchReposTest" time="4.303" errors="0" timestamp="2023-03-31T10:25:42 IST" skipped="0">
  <testcase classname="github.CRUDOperations.SearchReposTest" name="searchRepoTest" time="4.303"/>
  <system-out/>
</testsuite> <!-- github.CRUDOperations.SearchReposTest -->
