<?xml version="1.0" encoding="UTF-8"?>
<!-- Generated by org.testng.reporters.JUnitReportReporter -->
<testsuite hostname="DESKTOP-F52EDBA" failures="0" tests="1" name="github.CRUDOperations.DeleteRepoTest" time="3.114" errors="0" timestamp="2023-03-31T10:16:19 IST" skipped="0">
  <testcase classname="github.CRUDOperations.DeleteRepoTest" name="deleteRepoTest" time="3.114"/>
  <system-out/>
</testsuite> <!-- github.CRUDOperations.DeleteRepoTest -->
